2024-07-17 02:00:45,509 INFO: Blog API startup [in /Users/shashank/blog_api/app/__init__.py:42]
2024-07-17 02:00:45,781 INFO: Post created successfully [in /Users/shashank/blog_api/app/routes.py:119]
2024-07-17 02:00:45,785 INFO: Post updated successfully: 1 [in /Users/shashank/blog_api/app/routes.py:205]
2024-07-17 02:00:45,791 INFO: Blog API startup [in /Users/shashank/blog_api/app/__init__.py:42]
2024-07-17 02:00:45,791 INFO: Blog API startup [in /Users/shashank/blog_api/app/__init__.py:42]
2024-07-17 02:00:46,062 INFO: Post created successfully [in /Users/shashank/blog_api/app/routes.py:119]
2024-07-17 02:00:46,062 INFO: Post created successfully [in /Users/shashank/blog_api/app/routes.py:119]
2024-07-17 02:00:46,064 ERROR: Unexpected error: 404 Not Found: The requested URL was not found on the server. If you entered the URL manually please check your spelling and try again. [in /Users/shashank/blog_api/app/routes.py:179]
2024-07-17 02:00:46,064 ERROR: Unexpected error: 404 Not Found: The requested URL was not found on the server. If you entered the URL manually please check your spelling and try again. [in /Users/shashank/blog_api/app/routes.py:179]
2024-07-17 02:06:14,509 INFO: Blog API startup [in /Users/shashank/blog_api/app/__init__.py:42]
2024-07-17 02:07:22,344 INFO: Blog API startup [in /Users/shashank/blog_api/app/__init__.py:42]
2024-07-17 02:07:30,376 INFO: Blog API startup [in /Users/shashank/blog_api/app/__init__.py:42]
2024-07-17 02:10:41,637 INFO: Blog API startup [in /Users/shashank/blog_api/app/__init__.py:42]
2024-07-17 02:10:41,860 INFO: Blog API startup [in /Users/shashank/blog_api/app/__init__.py:42]
2024-07-17 02:12:25,350 WARNING: Invalid credentials [in /Users/shashank/blog_api/app/routes.py:85]
2024-07-17 02:13:06,711 INFO: Blog API startup [in /Users/shashank/blog_api/app/__init__.py:42]
2024-07-17 02:15:58,091 INFO: Blog API startup [in /Users/shashank/blog_api/app/__init__.py:42]
2024-07-17 02:19:10,619 INFO: Blog API startup [in /Users/shashank/blog_api/app/__init__.py:42]
2024-07-17 02:21:25,453 INFO: Blog API startup [in /Users/shashank/blog_api/app/__init__.py:42]
2024-07-17 02:39:54,800 INFO: Blog API startup [in /Users/shashank/blog_api/app/__init__.py:42]
2024-07-17 02:39:55,034 INFO: Blog API startup [in /Users/shashank/blog_api/app/__init__.py:42]
2024-07-17 02:40:02,882 WARNING: Invalid credentials [in /Users/shashank/blog_api/app/routes.py:85]
2024-07-17 02:41:03,650 INFO: User created successfully [in /Users/shashank/blog_api/app/routes.py:51]
2024-07-17 02:41:09,808 INFO: User logged in successfully [in /Users/shashank/blog_api/app/routes.py:89]
2024-07-17 02:41:44,001 INFO: Post created successfully [in /Users/shashank/blog_api/app/routes.py:119]
2024-07-17 02:42:09,913 INFO: Posts retrieved successfully [in /Users/shashank/blog_api/app/routes.py:151]
2024-07-17 02:42:56,182 INFO: Post updated successfully: 1 [in /Users/shashank/blog_api/app/routes.py:205]
2024-07-17 02:43:34,287 INFO: Posts retrieved successfully [in /Users/shashank/blog_api/app/routes.py:151]
2024-07-17 02:43:45,901 INFO: Post retrieved successfully: 1 [in /Users/shashank/blog_api/app/routes.py:173]
2024-07-17 15:20:30,549 INFO: Blog API startup [in /Users/shashank/blog_api/app/__init__.py:42]
2024-07-17 15:22:22,335 INFO: Blog API startup [in /Users/shashank/blog_api/app/__init__.py:42]
2024-07-17 15:22:28,560 INFO: Blog API startup [in /Users/shashank/blog_api/app/__init__.py:42]
2024-07-17 15:22:28,793 INFO: Blog API startup [in /Users/shashank/blog_api/app/__init__.py:42]
2024-07-17 15:23:12,490 INFO: Blog API startup [in /Users/shashank/blog_api/app/__init__.py:42]
2024-07-17 15:23:20,594 INFO: Blog API startup [in /Users/shashank/blog_api/app/__init__.py:42]
2024-07-17 15:23:20,818 INFO: Blog API startup [in /Users/shashank/blog_api/app/__init__.py:42]
2024-07-17 15:32:23,555 INFO: Blog API startup [in /Users/shashank/blog_api/app/__init__.py:42]
2024-07-17 15:32:41,725 INFO: Blog API startup [in /Users/shashank/blog_api/app/__init__.py:42]
2024-07-17 15:32:41,964 INFO: Blog API startup [in /Users/shashank/blog_api/app/__init__.py:42]
2024-07-17 15:33:42,171 INFO: Blog API startup [in /Users/shashank/blog_api/app/__init__.py:42]
2024-07-17 15:36:37,294 INFO: Blog API startup [in /Users/shashank/blog_api/app/__init__.py:42]
2024-07-17 15:36:57,272 INFO: Blog API startup [in /Users/shashank/blog_api/app/__init__.py:42]
2024-07-17 15:37:33,713 INFO: Blog API startup [in /Users/shashank/blog_api/app/__init__.py:42]
2024-07-17 15:37:40,234 INFO: Blog API startup [in /Users/shashank/blog_api/app/__init__.py:42]
2024-07-17 15:41:07,824 INFO: Blog API startup [in /Users/shashank/blog_api/app/__init__.py:42]
2024-07-17 15:46:41,686 INFO: Blog API startup [in /Users/shashank/blog_api/app/__init__.py:42]
2024-07-17 15:47:33,675 INFO: Blog API startup [in /Users/shashank/blog_api/app/__init__.py:42]
2024-07-17 15:48:32,902 INFO: Blog API startup [in /Users/shashank/blog_api/app/__init__.py:42]
2024-07-17 15:51:20,234 INFO: Blog API startup [in /Users/shashank/blog_api/app/__init__.py:42]
2024-07-17 15:52:51,456 INFO: Blog API startup [in /Users/shashank/blog_api/app/__init__.py:42]
2024-07-17 15:53:00,092 INFO: Blog API startup [in /Users/shashank/blog_api/app/__init__.py:42]
2024-07-17 16:21:30,666 INFO: Blog API startup [in /Users/shashank/blog_api/app/__init__.py:42]
2024-07-17 16:34:46,452 INFO: Blog API startup [in /Users/shashank/blog_api/app/__init__.py:42]
2024-07-17 16:35:18,794 INFO: Blog API startup [in /Users/shashank/blog_api/app/__init__.py:42]
2024-07-17 16:35:34,614 INFO: Blog API startup [in /Users/shashank/blog_api/app/__init__.py:42]
2024-07-17 16:36:04,851 INFO: Blog API startup [in /Users/shashank/blog_api/app/__init__.py:42]
2024-07-17 16:40:49,727 INFO: Blog API startup [in /Users/shashank/blog_api/app/__init__.py:42]
2024-07-17 17:30:14,324 INFO: Blog API startup [in /Users/shashank/blog_api/app/__init__.py:42]
2024-07-17 17:31:23,204 INFO: Blog API startup [in /Users/shashank/blog_api/app/__init__.py:42]
2024-07-17 17:32:20,704 INFO: Blog API startup [in /Users/shashank/blog_api/app/__init__.py:42]
2024-07-17 17:32:36,765 INFO: Blog API startup [in /Users/shashank/blog_api/app/__init__.py:42]
2024-07-17 17:32:46,567 INFO: Blog API startup [in /Users/shashank/blog_api/app/__init__.py:42]
2024-07-17 17:32:53,245 INFO: Blog API startup [in /Users/shashank/blog_api/app/__init__.py:42]
2024-07-17 17:34:03,576 INFO: Blog API startup [in /Users/shashank/blog_api/app/__init__.py:42]
2024-07-17 17:35:38,425 INFO: Blog API startup [in /Users/shashank/blog_api/app/__init__.py:42]
2024-07-17 17:36:03,736 INFO: Blog API startup [in /Users/shashank/blog_api/app/__init__.py:42]
2024-07-17 17:36:14,568 INFO: Blog API startup [in /Users/shashank/blog_api/app/__init__.py:42]
2024-07-17 17:37:27,535 INFO: Blog API startup [in /Users/shashank/blog_api/app/__init__.py:42]
2024-07-17 22:00:33,533 INFO: Blog API startup [in /Users/shashank/blog_api/app/__init__.py:42]
2024-07-17 22:00:33,776 INFO: Blog API startup [in /Users/shashank/blog_api/app/__init__.py:42]
2024-07-17 22:00:37,211 WARNING: User already exists [in /Users/shashank/blog_api/app/routes.py:47]
2024-07-17 22:03:50,389 INFO: User logged in successfully [in /Users/shashank/blog_api/app/routes.py:94]
2024-07-17 22:04:57,959 INFO: Post created successfully [in /Users/shashank/blog_api/app/routes.py:130]
2024-07-17 22:06:22,722 INFO: Posts retrieved successfully [in /Users/shashank/blog_api/app/routes.py:163]
